<?xml version="1.0" encoding="UTF-8"?>
<!-- Generated by org.testng.reporters.JUnitReportReporter -->
<testsuite hostname="win764bit" name="persistent.UI_Automation_Wordpress.CreatePostDriver" tests="1" failures="0" timestamp="5 Aug 2014 22:04:58 GMT" time="59.675" errors="0">
  <testcase name="CreatePost" time="59.675" classname="persistent.UI_Automation_Wordpress.CreatePostDriver"/>
</testsuite> <!-- persistent.UI_Automation_Wordpress.CreatePostDriver -->
