<?xml version="1.0" encoding="UTF-8"?>
<!-- Generated by org.testng.reporters.JUnitReportReporter -->
<testsuite hostname="win764bit" name="wordpress.blogs.tests.LoginFunction" tests="2" failures="0" timestamp="5 Aug 2014 16:56:35 GMT" time="0.062" errors="0">
  <testcase name="verify_Invalid_Login" time="0.062" classname="wordpress.blogs.tests.LoginFunction"/>
  <testcase name="verify_Successful_Login" time="0.000" classname="wordpress.blogs.tests.LoginFunction"/>
</testsuite> <!-- wordpress.blogs.tests.LoginFunction -->
