<?xml version="1.0" encoding="UTF-8"?>
<!-- Generated by org.testng.reporters.JUnitReportReporter -->
<testsuite hostname="win764bit" name="main.source.page.classes.DataDrivenTesting" tests="1" failures="0" timestamp="5 Aug 2014 19:27:47 GMT" time="0.234" errors="0">
  <testcase name="readExcelFile" time="0.234" classname="main.source.page.classes.DataDrivenTesting"/>
</testsuite> <!-- main.source.page.classes.DataDrivenTesting -->
