<?xml version="1.0" encoding="UTF-8"?>
<!-- Generated by org.testng.reporters.JUnitReportReporter -->
<testsuite hostname="win764bit" name="persistent.UI_Automation_Wordpress.tryTestNG" tests="3" failures="0" timestamp="4 Aug 2014 21:33:07 GMT" time="0.016" errors="0">
  <testcase name="testMethod" time="0.011" classname="persistent.UI_Automation_Wordpress.tryTestNG"/>
  <testcase name="testMethod3" time="0.002" classname="persistent.UI_Automation_Wordpress.tryTestNG"/>
  <testcase name="testMethod2" time="0.003" classname="persistent.UI_Automation_Wordpress.tryTestNG"/>
</testsuite> <!-- persistent.UI_Automation_Wordpress.tryTestNG -->
